
/home/runner/work/exp-ostwalds-viscometer-iitk/exp-ostwalds-viscometer-iitk/experiment/simulation/js/liquid.js
    2:7   warning  'left_tube_liquid' is assigned a value but never used   no-unused-vars
    3:7   warning  'left_bulb_liquid' is assigned a value but never used   no-unused-vars
    4:7   warning  'above_tube_liquid' is assigned a value but never used  no-unused-vars
    7:7   warning  'u_tube' is assigned a value but never used             no-unused-vars
   20:5   warning  'trialFinished' is assigned a value but never used      no-unused-vars
   27:10  warning  'initialFill' is defined but never used                 no-unused-vars
   29:3   warning  'root' is not defined                                   no-undef
   30:3   warning  'root' is not defined                                   no-undef
   34:3   warning  'root' is not defined                                   no-undef
   38:3   warning  'root' is not defined                                   no-undef
   44:7   warning  'liquid' is not defined                                 no-undef
   45:5   warning  'water' is not defined                                  no-undef
   48:7   warning  'liquid' is not defined                                 no-undef
   49:5   warning  'methyl' is not defined                                 no-undef
   52:7   warning  'liquid' is not defined                                 no-undef
   53:5   warning  'ethyl' is not defined                                  no-undef
   56:7   warning  'liquid' is not defined                                 no-undef
   57:5   warning  'benzene' is not defined                                no-undef
   62:3   warning  'root' is not defined                                   no-undef
   67:3   warning  'root' is not defined                                   no-undef
   71:3   warning  'root' is not defined                                   no-undef
   75:3   warning  'root' is not defined                                   no-undef
   87:5   warning  Move function declaration to function body root         no-inner-declarations
  102:7   warning  'root' is not defined                                   no-undef
  106:7   warning  'root' is not defined                                   no-undef
  110:7   warning  'root' is not defined                                   no-undef
  116:7   warning  'root' is not defined                                   no-undef
  124:14  warning  'liquid' is not defined                                 no-undef
  139:3   warning  'root' is not defined                                   no-undef
  140:3   warning  'root' is not defined                                   no-undef
  141:3   warning  'root' is not defined                                   no-undef
  142:3   warning  'root' is not defined                                   no-undef
  143:3   warning  'root' is not defined                                   no-undef
  144:3   warning  'root' is not defined                                   no-undef
  146:3   warning  'recorded_time' is not defined                          no-undef
  147:31  warning  'recorded_time' is not defined                          no-undef
  147:53  warning  'recorded_time' is not defined                          no-undef
  158:5   warning  'liquid' is not defined                                 no-undef
  159:5   warning  'water' is not defined                                  no-undef
  160:5   warning  'methyl' is not defined                                 no-undef
  161:5   warning  'ethyl' is not defined                                  no-undef
  162:5   warning  'benzene' is not defined                                no-undef
  173:3   warning  'water' is not defined                                  no-undef
  174:3   warning  'methyl' is not defined                                 no-undef
  175:3   warning  'ethyl' is not defined                                  no-undef
  176:3   warning  'benzene' is not defined                                no-undef

/home/runner/work/exp-ostwalds-viscometer-iitk/exp-ostwalds-viscometer-iitk/experiment/simulation/js/pippet_animation.js
   1:7  warning  'pippet' is assigned a value but never used          no-unused-vars
   2:7  warning  'liquids' is assigned a value but never used         no-unused-vars
  12:7  warning  'water_liquid' is assigned a value but never used    no-unused-vars
  13:7  warning  'methyl_liquid' is assigned a value but never used   no-unused-vars
  14:7  warning  'ethyl_liquid' is assigned a value but never used    no-unused-vars
  15:7  warning  'benzene_liquid' is assigned a value but never used  no-unused-vars
  28:3  warning  't1' is not defined                                  no-undef
  29:3  warning  't2' is not defined                                  no-undef
  30:3  warning  't3' is not defined                                  no-undef
  60:5  warning  'initialFill' is not defined                         no-undef

/home/runner/work/exp-ostwalds-viscometer-iitk/exp-ostwalds-viscometer-iitk/experiment/simulation/js/viscometer.js
   6:7   warning  'above_tube_liquid' is assigned a value but never used   no-unused-vars
   7:7   warning  'right_bulb_liquid' is assigned a value but never used   no-unused-vars
  11:7   warning  'initialFillArray' is assigned a value but never used    no-unused-vars
  27:10  warning  'suckLiquid' is defined but never used                   no-unused-vars
  29:10  warning  'resetViscometerAnimation' is defined but never used     no-unused-vars
  60:10  warning  'continueViscometerAnimation' is defined but never used  no-unused-vars

✖ 62 problems (0 errors, 62 warnings)

